<?xml version="1.0" encoding="UTF-8"?>
<!-- Generated by org.testng.reporters.JUnitXMLReporter -->
<testsuite ignored="0" hostname="Mahima" failures="0" tests="10" name="APITesting_TelecomDomain" time="20.385" errors="0" timestamp="2026-02-04T14:13:42 IST">
  <testcase classname="com.tests.TestExecution" name="tc1_addUser" time="3.983"/>
  <testcase classname="com.tests.TestExecution" name="tc2_getUserProfile" time="1.766"/>
  <testcase classname="com.tests.TestExecution" name="tc3_updateUser" time="1.798"/>
  <testcase classname="com.tests.TestExecution" name="tc4_loginUser" time="2.006"/>
  <testcase classname="com.tests.TestExecution" name="tc5_addContact" time="1.597"/>
  <testcase classname="com.tests.TestExecution" name="tc6_getContactList" time="1.64"/>
  <testcase classname="com.tests.TestExecution" name="tc7_getSingleContact" time="2.133"/>
  <testcase classname="com.tests.TestExecution" name="tc8_updateContactFull" time="1.742"/>
  <testcase classname="com.tests.TestExecution" name="tc9_updateContactPartial" time="1.737"/>
  <testcase classname="com.tests.TestExecution" name="tc10_logout" time="1.928"/>
</testsuite> <!-- APITesting_TelecomDomain -->
