<?xml version="1.0" encoding="UTF-8"?>
<!-- Generated by org.testng.reporters.JUnitXMLReporter -->
<testsuite ignored="0" hostname="Mahima" failures="0" tests="9" name="EndToEndBookingTests" time="58.474" errors="0" timestamp="2026-02-04T14:08:32 IST">
  <testcase classname="com.blazedemo.tests.FlightBookingTest" name="TC01_VerifyHomepage" time="0.04"/>
  <testcase classname="com.blazedemo.tests.FlightBookingTest" name="TC02_SearchFlights" time="0.948"/>
  <testcase classname="com.blazedemo.tests.FlightBookingTest" name="TC03_FullBookingFlow" time="3.366"/>
  <testcase classname="com.blazedemo.tests.FlightBookingTest" name="TC04_DataDrivenBooking" time="2.16"/>
  <testcase classname="com.blazedemo.tests.FlightBookingTest" name="TC04_DataDrivenBooking" time="1.936"/>
  <testcase classname="com.blazedemo.tests.FlightBookingTest" name="TC04_DataDrivenBooking" time="2.174"/>
  <testcase classname="com.blazedemo.tests.FlightBookingTest" name="TC05_BlankCreditCard" time="2.097"/>
  <testcase classname="com.blazedemo.tests.FlightBookingTest" name="TC06_InvalidCreditCardChars" time="2.276"/>
  <testcase classname="com.blazedemo.tests.FlightBookingTest" name="TC07_SameCitySelection" time="0.322"/>
</testsuite> <!-- EndToEndBookingTests -->
