<?xml version="1.0" encoding="UTF-8"?>
<!-- Generated by org.testng.reporters.JUnitReportReporter -->
<testsuite hostname="Mahima" failures="0" tests="1" name="com.MobileTest.DriverSessions.DriverSessionWithUIAutomator2OptionsClass" time="16.138" errors="0" timestamp="2026-01-20T23:57:38 IST" skipped="0">
  <testcase classname="com.MobileTest.DriverSessions.DriverSessionWithUIAutomator2OptionsClass" name="testDriverSesion" time="16.138"/>
</testsuite> <!-- com.MobileTest.DriverSessions.DriverSessionWithUIAutomator2OptionsClass -->
