<?xml version="1.0" encoding="UTF-8"?>
<!-- Generated by org.testng.reporters.JUnitReportReporter -->
<testsuite hostname="Mahima" failures="0" tests="1" name="com.MobileTest.DriverSessions.DriverSessionWithDesireCapabilitiesClass" time="45.117" errors="0" timestamp="2026-01-20T23:08:19 IST" skipped="0">
  <testcase classname="com.MobileTest.DriverSessions.DriverSessionWithDesireCapabilitiesClass" name="testDriverSesion" time="45.117"/>
</testsuite> <!-- com.MobileTest.DriverSessions.DriverSessionWithDesireCapabilitiesClass -->
