<?xml version="1.0" encoding="UTF-8"?>
<!-- Generated by org.testng.reporters.JUnitReportReporter -->
<testsuite hostname="Mahima" failures="0" tests="1" name="com.MobileAppTest.Scenarios.TC9_DriverSessionWithAppPackageActivity" time="15.914" errors="0" timestamp="2026-01-21T18:22:19 IST" skipped="0">
  <testcase classname="com.MobileAppTest.Scenarios.TC9_DriverSessionWithAppPackageActivity" name="testSession" time="15.914"/>
</testsuite> <!-- com.MobileAppTest.Scenarios.TC9_DriverSessionWithAppPackageActivity -->
