<?xml version="1.0" encoding="UTF-8"?>
<!-- Generated by org.testng.reporters.JUnitXMLReporter -->
<testsuite ignored="2" hostname="Mahima" failures="0" tests="1" name="Login Functionality" time="38.333" errors="0" timestamp="2026-01-31T22:19:17 IST">
  <testcase classname="tests.LoginTest" name="TC_001_validLogin" time="1.803"/>
  <testcase classname="tests.LoginTest" name="TC_003_emptyLogin" time="0.0">
    <ignored/>
  </testcase> <!-- TC_003_emptyLogin -->
  <testcase classname="tests.LoginTest" name="TC_002_lockedUserLogin" time="0.0">
    <ignored/>
  </testcase> <!-- TC_002_lockedUserLogin -->
</testsuite> <!-- Login Functionality -->
