<?xml version="1.0" encoding="UTF-8"?>
<!-- Generated by org.testng.reporters.JUnitXMLReporter -->
<testsuite ignored="0" hostname="Mahima" failures="0" tests="5" name="Default test" time="19.505" errors="0" timestamp="2026-01-28T03:45:22 IST">
  <testcase classname="com.TestNGDemos.D14LoginToOHRM_DDF" name="loginToOHRM" time="2.475"/>
  <testcase classname="com.TestNGDemos.D14LoginToOHRM_DDF" name="loginToOHRM" time="0.659"/>
  <testcase classname="com.TestNGDemos.D14LoginToOHRM_DDF" name="loginToOHRM" time="0.117"/>
  <testcase classname="com.TestNGDemos.D14LoginToOHRM_DDF" name="loginToOHRM" time="0.21"/>
  <testcase classname="com.TestNGDemos.D14LoginToOHRM_DDF" name="loginToOHRM" time="0.212"/>
</testsuite> <!-- Default test -->
