<?xml version="1.0" encoding="UTF-8"?>
<!-- Generated by org.testng.reporters.JUnitReportReporter -->
<testsuite hostname="Mahima" failures="0" tests="1" name="com.RestAPITest.PostRequestAssignment$CreateObjectUsingPOJOTest" time="3.042" errors="0" timestamp="2026-01-20T00:39:49 IST" skipped="0">
  <testcase classname="com.RestAPITest.PostRequestAssignment$CreateObjectUsingPOJOTest" name="createObjectWithPOJO" time="3.042"/>
</testsuite> <!-- com.RestAPITest.PostRequestAssignment$CreateObjectUsingPOJOTest -->
