<?xml version="1.0" encoding="UTF-8"?>
<!-- Generated by org.testng.reporters.JUnitReportReporter -->
<testsuite hostname="Mahima" failures="0" tests="2" name="com.RestAPITest.TC2_APITest_NonBDD" time="3.491" errors="0" timestamp="2026-01-12T14:47:02 IST" skipped="0">
  <testcase classname="com.RestAPITest.TC2_APITest_NonBDD" name="testSingleUser" time="2.828"/>
  <testcase classname="com.RestAPITest.TC2_APITest_NonBDD" name="testAllUsers" time="0.663"/>
</testsuite> <!-- com.RestAPITest.TC2_APITest_NonBDD -->
