<?xml version="1.0" encoding="UTF-8"?>
<!-- Generated by org.testng.reporters.JUnitReportReporter -->
<testsuite hostname="Mahima" failures="0" tests="5" name="com.RestAPITest.PetAssignment" time="8.605" errors="0" timestamp="2026-01-19T23:06:18 IST" skipped="0">
  <testcase classname="com.RestAPITest.PetAssignment" name="findPetByStatus" time="3.600"/>
  <testcase classname="com.RestAPITest.PetAssignment" name="addPet" time="1.201"/>
  <testcase classname="com.RestAPITest.PetAssignment" name="getPetById" time="1.248"/>
  <testcase classname="com.RestAPITest.PetAssignment" name="updatePet" time="1.335"/>
  <testcase classname="com.RestAPITest.PetAssignment" name="deletePet" time="1.221"/>
</testsuite> <!-- com.RestAPITest.PetAssignment -->
