<?xml version="1.0" encoding="UTF-8"?>
<!-- Generated by org.testng.reporters.JUnitReportReporter -->
<testsuite hostname="Mahima" failures="0" tests="5" name="com.RestAPITest.TC5_APIChaining" time="8.677" errors="0" timestamp="2026-01-13T01:56:44 IST" skipped="0">
  <testcase classname="com.RestAPITest.TC5_APIChaining" name="createNewBooking" time="3.645"/>
  <testcase classname="com.RestAPITest.TC5_APIChaining" name="getBookingDetails" time="1.259"/>
  <testcase classname="com.RestAPITest.TC5_APIChaining" name="createToken" time="1.340"/>
  <testcase classname="com.RestAPITest.TC5_APIChaining" name="fullUpdateBooking" time="1.205"/>
  <testcase classname="com.RestAPITest.TC5_APIChaining" name="partialUpdate" time="1.228"/>
</testsuite> <!-- com.RestAPITest.TC5_APIChaining -->
