<?xml version="1.0" encoding="UTF-8"?>
<!-- Generated by org.testng.reporters.JUnitReportReporter -->
<testsuite hostname="Mahima" failures="0" tests="2" name="com.RestAPITest.TC7_Cookie_Header_Validation" time="3.082" errors="0" timestamp="2026-01-13T02:56:13 IST" skipped="0">
  <testcase classname="com.RestAPITest.TC7_Cookie_Header_Validation" name="testHeader" time="2.207"/>
  <testcase classname="com.RestAPITest.TC7_Cookie_Header_Validation" name="testCookies" time="0.875"/>
</testsuite> <!-- com.RestAPITest.TC7_Cookie_Header_Validation -->
