<?xml version="1.0" encoding="UTF-8"?>
<!-- Generated by org.testng.reporters.JUnitReportReporter -->
<testsuite hostname="Mahima" failures="0" tests="3" name="tests.AddToCartTest" time="61.168" errors="0" timestamp="2026-02-04T14:12:48 IST" skipped="0">
  <testcase classname="tests.AddToCartTest" name="TC_004_AddSingleItem" time="10.086"/>
  <testcase classname="tests.AddToCartTest" name="TC_005_AddMultipleItems" time="24.339"/>
  <testcase classname="tests.AddToCartTest" name="TC_006_RemoveItem" time="26.743"/>
</testsuite> <!-- tests.AddToCartTest -->
