<?xml version="1.0" encoding="UTF-8"?>
<!-- Generated by org.testng.reporters.JUnitReportReporter -->
<testsuite hostname="Mahima" failures="0" tests="3" name="tests.LoginTest" time="24.024" errors="0" timestamp="2026-02-04T14:12:48 IST" skipped="0">
  <testcase classname="tests.LoginTest" name="TC_001_validLogin" time="10.385"/>
  <testcase classname="tests.LoginTest" name="TC_002_lockedUserLogin" time="6.894"/>
  <testcase classname="tests.LoginTest" name="TC_003_emptyLogin" time="6.745"/>
</testsuite> <!-- tests.LoginTest -->
