<?xml version="1.0" encoding="UTF-8"?>
<!-- Generated by org.testng.reporters.JUnitXMLReporter -->
<testsuite ignored="2" hostname="Mahima" failures="0" tests="2" name="Exeucte Group" time="16.142" errors="0" timestamp="2026-01-26T02:40:41 IST">
  <testcase classname="com.TestNGDemos.D05AmazonAssignment" name="clickOnMXPlayer" time="3.948"/>
  <testcase classname="com.TestNGDemos.D05AmazonAssignment" name="clickOnAmazonPay" time="1.214"/>
  <testcase classname="com.TestNGDemos.D05AmazonAssignment" name="clickOnSell" time="0.0">
    <ignored/>
  </testcase> <!-- clickOnSell -->
  <testcase classname="com.TestNGDemos.D05AmazonAssignment" name="clickOnTodaysDeals" time="0.0">
    <ignored/>
  </testcase> <!-- clickOnTodaysDeals -->
</testsuite> <!-- Exeucte Group -->
