<?xml version="1.0" encoding="UTF-8"?>
<!-- Generated by org.testng.reporters.JUnitReportReporter -->
<testsuite hostname="Mahima" failures="0" tests="4" name="com.TestNGDemos.D05_Amazon" time="0.001" errors="0" timestamp="2026-01-26T00:55:35 IST" skipped="4">
  <testcase classname="com.TestNGDemos.D05_Amazon" name="clickonMXPlayer" time="0.000">
    <skipped/>
  </testcase> <!-- clickonMXPlayer -->
  <testcase classname="com.TestNGDemos.D05_Amazon" name="clickonSell" time="0.000">
    <skipped/>
  </testcase> <!-- clickonSell -->
  <testcase classname="com.TestNGDemos.D05_Amazon" name="clickonAmazonPay" time="0.001">
    <skipped/>
  </testcase> <!-- clickonAmazonPay -->
  <testcase classname="com.TestNGDemos.D05_Amazon" name="clickonDealsy" time="0.000">
    <skipped/>
  </testcase> <!-- clickonDealsy -->
</testsuite> <!-- com.TestNGDemos.D05_Amazon -->
