<?xml version="1.0" encoding="UTF-8"?>
<!-- Generated by org.testng.reporters.JUnitReportReporter -->
<testsuite hostname="Mahima" failures="0" tests="4" name="com.TestNGDemos.D04Before_After_Method" time="0.000" errors="0" timestamp="2026-01-26T02:24:35 IST" skipped="4">
  <testcase classname="com.TestNGDemos.D04Before_After_Method" name="testOnyc" time="0.000">
    <skipped/>
  </testcase> <!-- testOnyc -->
  <testcase classname="com.TestNGDemos.D04Before_After_Method" name="testFirstCry" time="0.000">
    <skipped/>
  </testcase> <!-- testFirstCry -->
  <testcase classname="com.TestNGDemos.D04Before_After_Method" name="testLittleBox" time="0.000">
    <skipped/>
  </testcase> <!-- testLittleBox -->
  <testcase classname="com.TestNGDemos.D04Before_After_Method" name="testLibas" time="0.000">
    <skipped/>
  </testcase> <!-- testLibas -->
</testsuite> <!-- com.TestNGDemos.D04Before_After_Method -->
