<?xml version="1.0" encoding="UTF-8"?>
<!-- Generated by org.testng.reporters.JUnitReportReporter -->
<testsuite hostname="Mahima" failures="0" tests="4" name="com.TestNGDemos.D06_DataProviderTestDemo" time="0.000" errors="0" timestamp="2026-01-26T00:55:35 IST" skipped="4">
  <testcase classname="com.TestNGDemos.D06_DataProviderTestDemo" name="loginToOHRM" time="0.000">
    <skipped/>
  </testcase> <!-- loginToOHRM -->
  <testcase classname="com.TestNGDemos.D06_DataProviderTestDemo" name="loginToOHRM" time="0.000">
    <skipped/>
  </testcase> <!-- loginToOHRM -->
  <testcase classname="com.TestNGDemos.D06_DataProviderTestDemo" name="loginToOHRM" time="0.000">
    <skipped/>
  </testcase> <!-- loginToOHRM -->
  <testcase classname="com.TestNGDemos.D06_DataProviderTestDemo" name="loginToOHRM" time="0.000">
    <skipped/>
  </testcase> <!-- loginToOHRM -->
</testsuite> <!-- com.TestNGDemos.D06_DataProviderTestDemo -->
