<?xml version="1.0" encoding="UTF-8"?>
<!-- Generated by org.testng.reporters.JUnitReportReporter -->
<testsuite hostname="Mahima" failures="0" tests="6" name="com.TestNGDemos.D12CreateLoginData" time="0.043" errors="0" timestamp="2026-01-28T03:07:57 IST" skipped="0">
  <testcase classname="com.TestNGDemos.D12CreateLoginData" name="createLoginData" time="0.004"/>
  <testcase classname="com.TestNGDemos.D12CreateLoginData" name="createLoginData" time="0.003"/>
  <testcase classname="com.TestNGDemos.D12CreateLoginData" name="createLoginData" time="0.003"/>
  <testcase classname="com.TestNGDemos.D12CreateLoginData" name="createLoginData" time="0.002"/>
  <testcase classname="com.TestNGDemos.D12CreateLoginData" name="createLoginData" time="0.003"/>
  <testcase classname="com.TestNGDemos.D12CreateLoginData" name="createLoginData" time="0.028"/>
</testsuite> <!-- com.TestNGDemos.D12CreateLoginData -->
