<?xml version="1.0" encoding="UTF-8"?>
<!-- Generated by org.testng.reporters.JUnitReportReporter -->
<testsuite hostname="Mahima" failures="0" tests="2" name="com.TestNGDemos.D13ReadFromExcel" time="0.011" errors="0" timestamp="2026-01-28T03:08:03 IST" skipped="1">
  <testcase classname="com.TestNGDemos.D13ReadFromExcel" name="readAllData" time="0.011"/>
  <testcase classname="com.TestNGDemos.D13ReadFromExcel" name="readSingleData">
    <skipped/>
  </testcase> <!-- readSingleData -->
</testsuite> <!-- com.TestNGDemos.D13ReadFromExcel -->
