<?xml version="1.0" encoding="UTF-8"?>
<!-- Generated by org.testng.reporters.JUnitReportReporter -->
<testsuite hostname="Mahima" failures="0" tests="5" name="com.TestNGDemos.D14LoginToOHRM_DDF" time="13.690" errors="0" timestamp="2026-01-28T03:45:23 IST" skipped="0">
  <testcase classname="com.TestNGDemos.D14LoginToOHRM_DDF" name="loginToOHRM" time="1.950"/>
  <testcase classname="com.TestNGDemos.D14LoginToOHRM_DDF" name="loginToOHRM" time="3.489"/>
  <testcase classname="com.TestNGDemos.D14LoginToOHRM_DDF" name="loginToOHRM" time="2.269"/>
  <testcase classname="com.TestNGDemos.D14LoginToOHRM_DDF" name="loginToOHRM" time="4.206"/>
  <testcase classname="com.TestNGDemos.D14LoginToOHRM_DDF" name="loginToOHRM" time="1.776"/>
</testsuite> <!-- com.TestNGDemos.D14LoginToOHRM_DDF -->
