<?xml version="1.0" encoding="UTF-8"?>
<!-- Generated by org.testng.reporters.JUnitReportReporter -->
<testsuite hostname="Mahima" failures="0" tests="2" name="com.TestNGDemos.D05AmazonAssignment" time="11.739" errors="0" timestamp="2026-01-26T02:40:41 IST" skipped="0">
  <testcase classname="com.TestNGDemos.D05AmazonAssignment" name="clickOnMXPlayer" time="6.984"/>
  <testcase classname="com.TestNGDemos.D05AmazonAssignment" name="clickOnAmazonPay" time="4.755"/>
</testsuite> <!-- com.TestNGDemos.D05AmazonAssignment -->
