<?xml version="1.0" encoding="UTF-8"?>
<!-- Generated by org.testng.reporters.JUnitReportReporter -->
<testsuite hostname="Mahima" failures="0" tests="4" name="com.TestNGDemos.D02TestOS_Application" time="0.000" errors="0" timestamp="2026-01-26T00:55:35 IST" skipped="4">
  <testcase classname="com.TestNGDemos.D02TestOS_Application" name="testLittleBox" time="0.000">
    <skipped/>
  </testcase> <!-- testLittleBox -->
  <testcase classname="com.TestNGDemos.D02TestOS_Application" name="testOnyc" time="0.000">
    <skipped/>
  </testcase> <!-- testOnyc -->
  <testcase classname="com.TestNGDemos.D02TestOS_Application" name="testLibas" time="0.000">
    <skipped/>
  </testcase> <!-- testLibas -->
  <testcase classname="com.TestNGDemos.D02TestOS_Application" name="testFirstcry" time="0.000">
    <skipped/>
  </testcase> <!-- testFirstcry -->
</testsuite> <!-- com.TestNGDemos.D02TestOS_Application -->
