<?xml version="1.0" encoding="UTF-8"?>
<!-- Generated by org.testng.reporters.JUnitXMLReporter -->
<testsuite ignored="0" hostname="Mahima" failures="2" tests="24" name="Execute Package" time="32.783" errors="0" timestamp="2026-01-26T02:24:35 IST">
  <testcase classname="com.TestNGDemos.D08_KeywordDrivenFramework" name="@BeforeTest beforeTest" time="0.001">
    <failure type="java.io.FileNotFoundException" message="src\com\TestNGDemos\MyLocators.properties (The system cannot find the file specified)">
      <![CDATA[java.io.FileNotFoundException: src\com\TestNGDemos\MyLocators.properties (The system cannot find the file specified)
at java.base/java.io.FileInputStream.open0(Native Method)
at java.base/java.io.FileInputStream.open(FileInputStream.java:185)
at java.base/java.io.FileInputStream.<init>(FileInputStream.java:139)
at com.TestNGDemos.D08_KeywordDrivenFramework.beforeTest(D08_KeywordDrivenFramework.java:39)
... Removed 22 stack frames]]>
    </failure>
  </testcase> <!-- @BeforeTest beforeTest -->
  <testcase classname="com.TestNGDemos.D04Before_After_Method" name="@BeforeMethod beforeMethod" time="0.0">
    <skipped/>
  </testcase> <!-- @BeforeMethod beforeMethod -->
  <testcase classname="com.TestNGDemos.D04Before_After_Method" name="@AfterMethod printTitle" time="0.0">
    <skipped/>
  </testcase> <!-- @AfterMethod printTitle -->
  <testcase classname="com.TestNGDemos.D04Before_After_Method" name="@BeforeMethod beforeMethod" time="0.0">
    <skipped/>
  </testcase> <!-- @BeforeMethod beforeMethod -->
  <testcase classname="com.TestNGDemos.D04Before_After_Method" name="@AfterMethod printTitle" time="0.0">
    <skipped/>
  </testcase> <!-- @AfterMethod printTitle -->
  <testcase classname="com.TestNGDemos.D04Before_After_Method" name="@BeforeMethod beforeMethod" time="0.0">
    <skipped/>
  </testcase> <!-- @BeforeMethod beforeMethod -->
  <testcase classname="com.TestNGDemos.D04Before_After_Method" name="@AfterMethod printTitle" time="0.0">
    <skipped/>
  </testcase> <!-- @AfterMethod printTitle -->
  <testcase classname="com.TestNGDemos.D04Before_After_Method" name="@BeforeMethod beforeMethod" time="0.0">
    <skipped/>
  </testcase> <!-- @BeforeMethod beforeMethod -->
  <testcase classname="com.TestNGDemos.D04Before_After_Method" name="@AfterMethod printTitle" time="0.0">
    <skipped/>
  </testcase> <!-- @AfterMethod printTitle -->
  <testcase classname="com.TestNGDemos.D06DataProviderDemo" name="@AfterMethod afterMethod" time="0.0">
    <skipped/>
  </testcase> <!-- @AfterMethod afterMethod -->
  <testcase classname="com.TestNGDemos.D06DataProviderDemo" name="@AfterMethod afterMethod" time="0.0">
    <skipped/>
  </testcase> <!-- @AfterMethod afterMethod -->
  <testcase classname="com.TestNGDemos.D06DataProviderDemo" name="@AfterMethod afterMethod" time="0.0">
    <skipped/>
  </testcase> <!-- @AfterMethod afterMethod -->
  <testcase classname="com.TestNGDemos.D06DataProviderDemo" name="@AfterMethod afterMethod" time="0.0">
    <skipped/>
  </testcase> <!-- @AfterMethod afterMethod -->
  <testcase classname="com.TestNGDemos.D03Before_AfterTest" name="@AfterTest closeBrowser" time="0.0">
    <skipped/>
  </testcase> <!-- @AfterTest closeBrowser -->
  <testcase classname="com.TestNGDemos.D04Before_After_Method" name="@AfterTest closeBrowser" time="0.0">
    <skipped/>
  </testcase> <!-- @AfterTest closeBrowser -->
  <testcase classname="com.TestNGDemos.D06DataProviderDemo" name="@AfterTest afterTest" time="0.0">
    <skipped/>
  </testcase> <!-- @AfterTest afterTest -->
  <testcase classname="com.TestNGDemos.D07Parameterization" name="@AfterTest afterTest" time="0.0">
    <skipped/>
  </testcase> <!-- @AfterTest afterTest -->
  <testcase classname="com.TestNGDemos.D08_KeywordDrivenFramework" name="@AfterTest afterTest" time="0.0">
    <skipped/>
  </testcase> <!-- @AfterTest afterTest -->
  <testcase classname="com.TestNGDemos.D01FirstTest" name="testJquery" time="0.0">
    <skipped/>
  </testcase> <!-- testJquery -->
  <testcase classname="com.TestNGDemos.D02TestOSApplication" name="testOnyc" time="0.0">
    <skipped/>
  </testcase> <!-- testOnyc -->
  <testcase classname="com.TestNGDemos.D02TestOSApplication" name="testFirstCry" time="0.0">
    <skipped/>
  </testcase> <!-- testFirstCry -->
  <testcase classname="com.TestNGDemos.D02TestOSApplication" name="testLittleBox" time="0.0">
    <skipped/>
  </testcase> <!-- testLittleBox -->
  <testcase classname="com.TestNGDemos.D02TestOSApplication" name="testLibas" time="0.0">
    <skipped/>
  </testcase> <!-- testLibas -->
  <testcase classname="com.TestNGDemos.D03Before_AfterTest" name="testOnyc" time="0.002">
    <skipped/>
  </testcase> <!-- testOnyc -->
  <testcase classname="com.TestNGDemos.D03Before_AfterTest" name="testFirstCry" time="0.0">
    <skipped/>
  </testcase> <!-- testFirstCry -->
  <testcase classname="com.TestNGDemos.D03Before_AfterTest" name="testLittleBox" time="0.0">
    <skipped/>
  </testcase> <!-- testLittleBox -->
  <testcase classname="com.TestNGDemos.D03Before_AfterTest" name="testLibas" time="0.0">
    <skipped/>
  </testcase> <!-- testLibas -->
  <testcase classname="com.TestNGDemos.D04Before_After_Method" name="testOnyc" time="0.0">
    <skipped/>
  </testcase> <!-- testOnyc -->
  <testcase classname="com.TestNGDemos.D04Before_After_Method" name="testFirstCry" time="0.0">
    <skipped/>
  </testcase> <!-- testFirstCry -->
  <testcase classname="com.TestNGDemos.D04Before_After_Method" name="testLittleBox" time="0.0">
    <skipped/>
  </testcase> <!-- testLittleBox -->
  <testcase classname="com.TestNGDemos.D04Before_After_Method" name="testLibas" time="0.0">
    <skipped/>
  </testcase> <!-- testLibas -->
  <testcase classname="com.TestNGDemos.D05AmazonAssignment" name="clickOnMXPlayer" time="0.0">
    <skipped/>
  </testcase> <!-- clickOnMXPlayer -->
  <testcase classname="com.TestNGDemos.D05AmazonAssignment" name="clickOnSell" time="0.0">
    <skipped/>
  </testcase> <!-- clickOnSell -->
  <testcase classname="com.TestNGDemos.D05AmazonAssignment" name="clickOnAmazonPay" time="0.0">
    <skipped/>
  </testcase> <!-- clickOnAmazonPay -->
  <testcase classname="com.TestNGDemos.D05AmazonAssignment" name="clickOnTodaysDeals" time="0.0">
    <skipped/>
  </testcase> <!-- clickOnTodaysDeals -->
  <testcase classname="com.TestNGDemos.D06DataProviderDemo" name="loginToOHRM" time="0.0">
    <skipped/>
  </testcase> <!-- loginToOHRM -->
  <testcase classname="com.TestNGDemos.D06DataProviderDemo" name="loginToOHRM" time="0.0">
    <skipped/>
  </testcase> <!-- loginToOHRM -->
  <testcase classname="com.TestNGDemos.D06DataProviderDemo" name="loginToOHRM" time="0.0">
    <skipped/>
  </testcase> <!-- loginToOHRM -->
  <testcase classname="com.TestNGDemos.D06DataProviderDemo" name="loginToOHRM" time="0.0">
    <skipped/>
  </testcase> <!-- loginToOHRM -->
  <testcase classname="com.TestNGDemos.D07Parameterization" name="loginTest" time="0.0">
    <failure type="org.testng.TestNGException" message="
Parameter &amp;apos;userName&amp;apos; is required by @Test on method loginTest but has not been marked @Optional or defined
in C:\Users\reena\OneDrive\Desktop\SA\Ecllipse Workspace\StarAgileWorkspace\StarAgile_SeleniumProject\src\com\TestNGDemosSA\X05ExecutePackage.xml">
      <![CDATA[org.testng.TestNGException: 
Parameter 'userName' is required by @Test on method loginTest but has not been marked @Optional or defined
in C:\Users\reena\OneDrive\Desktop\SA\Ecllipse Workspace\StarAgileWorkspace\StarAgile_SeleniumProject\src\com\TestNGDemosSA\X05ExecutePackage.xml
at java.base/java.util.ArrayList.forEach(ArrayList.java:1604)
... Removed 26 stack frames]]>
    </failure>
  </testcase> <!-- loginTest -->
  <testcase classname="com.TestNGDemos.D07Parameterization" name="loginTest1" time="0.0">
    <failure type="org.testng.TestNGException" message="
Parameter &amp;apos;un1&amp;apos; is required by @Test on method loginTest1 but has not been marked @Optional or defined
in C:\Users\reena\OneDrive\Desktop\SA\Ecllipse Workspace\StarAgileWorkspace\StarAgile_SeleniumProject\src\com\TestNGDemosSA\X05ExecutePackage.xml">
      <![CDATA[org.testng.TestNGException: 
Parameter 'un1' is required by @Test on method loginTest1 but has not been marked @Optional or defined
in C:\Users\reena\OneDrive\Desktop\SA\Ecllipse Workspace\StarAgileWorkspace\StarAgile_SeleniumProject\src\com\TestNGDemosSA\X05ExecutePackage.xml
at java.base/java.util.ArrayList.forEach(ArrayList.java:1604)
... Removed 26 stack frames]]>
    </failure>
  </testcase> <!-- loginTest1 -->
  <testcase classname="com.TestNGDemos.D08_KeywordDrivenFramework" name="automobileTest" time="0.0">
    <skipped/>
  </testcase> <!-- automobileTest -->
</testsuite> <!-- Execute Package -->
