<?xml version="1.0" encoding="UTF-8"?>
<!-- Generated by org.testng.reporters.JUnitReportReporter -->
<testsuite hostname="Mahima" failures="0" tests="9" name="com.blazedemo.tests.FlightBookingTest" time="57.732" errors="0" timestamp="2026-02-04T14:08:32 IST" skipped="0">
  <testcase classname="com.blazedemo.tests.FlightBookingTest" name="TC01_VerifyHomepage" time="2.604"/>
  <testcase classname="com.blazedemo.tests.FlightBookingTest" name="TC02_SearchFlights" time="21.690"/>
  <testcase classname="com.blazedemo.tests.FlightBookingTest" name="TC03_FullBookingFlow" time="6.025"/>
  <testcase classname="com.blazedemo.tests.FlightBookingTest" name="TC04_DataDrivenBooking" time="4.494"/>
  <testcase classname="com.blazedemo.tests.FlightBookingTest" name="TC04_DataDrivenBooking" time="4.614"/>
  <testcase classname="com.blazedemo.tests.FlightBookingTest" name="TC04_DataDrivenBooking" time="5.700"/>
  <testcase classname="com.blazedemo.tests.FlightBookingTest" name="TC05_BlankCreditCard" time="4.629"/>
  <testcase classname="com.blazedemo.tests.FlightBookingTest" name="TC06_InvalidCreditCardChars" time="4.717"/>
  <testcase classname="com.blazedemo.tests.FlightBookingTest" name="TC07_SameCitySelection" time="3.259"/>
</testsuite> <!-- com.blazedemo.tests.FlightBookingTest -->
