<?xml version="1.0" encoding="UTF-8"?>
<testng-results ignored="0" total="1" passed="1" failed="0" skipped="0">
  <reporter-output>
  </reporter-output>
  <suite started-at="2026-01-21T23:54:45 IST" name="Default suite" finished-at="2026-01-21T23:55:04 IST" duration-ms="18625">
    <groups>
    </groups>
    <test started-at="2026-01-21T23:54:45 IST" name="Default test" finished-at="2026-01-21T23:55:04 IST" duration-ms="18625">
      <class name="com.Assignments.Assignment_6">
        <test-method signature="testScreenshot()[pri:0, instance:com.Assignments.Assignment_6@393671df]" started-at="2026-01-21T23:54:45 IST" name="testScreenshot" finished-at="2026-01-21T23:55:04 IST" duration-ms="18566" status="PASS">
          <reporter-output>
          </reporter-output>
        </test-method> <!-- testScreenshot -->
      </class> <!-- com.Assignments.Assignment_6 -->
    </test> <!-- Default test -->
  </suite> <!-- Default suite -->
</testng-results>
