<?xml version="1.0" encoding="UTF-8"?>
<!-- Generated by org.testng.reporters.JUnitXMLReporter -->
<testsuite ignored="0" hostname="Mahima" failures="0" tests="10" name="Default test" time="16.735" errors="0" timestamp="2026-02-02T03:44:33 IST">
  <testcase classname="com.tests.TestExecution" name="tc1_addUser" time="3.178"/>
  <testcase classname="com.tests.TestExecution" name="tc2_getUserProfile" time="1.594"/>
  <testcase classname="com.tests.TestExecution" name="tc3_updateUser" time="1.507"/>
  <testcase classname="com.tests.TestExecution" name="tc4_loginUser" time="1.427"/>
  <testcase classname="com.tests.TestExecution" name="tc5_addContact" time="1.543"/>
  <testcase classname="com.tests.TestExecution" name="tc6_getContactList" time="1.509"/>
  <testcase classname="com.tests.TestExecution" name="tc7_getSingleContact" time="1.45"/>
  <testcase classname="com.tests.TestExecution" name="tc8_updateContactFull" time="1.434"/>
  <testcase classname="com.tests.TestExecution" name="tc9_updateContactPartial" time="1.531"/>
  <testcase classname="com.tests.TestExecution" name="tc10_logout" time="1.519"/>
</testsuite> <!-- Default test -->
