<?xml version="1.0" encoding="UTF-8"?>
<testng-results ignored="0" total="1" passed="1" failed="0" skipped="0">
  <reporter-output>
  </reporter-output>
  <suite started-at="2026-01-20T00:39:46 IST" name="Default suite" finished-at="2026-01-20T00:39:49 IST" duration-ms="3081">
    <groups>
    </groups>
    <test started-at="2026-01-20T00:39:46 IST" name="Default test" finished-at="2026-01-20T00:39:49 IST" duration-ms="3081">
      <class name="com.RestAPITest.PostRequestAssignment$CreateObjectUsingPOJOTest">
        <test-method signature="createObjectWithPOJO()[pri:0, instance:com.RestAPITest.PostRequestAssignment$CreateObjectUsingPOJOTest@333291e3]" started-at="2026-01-20T00:39:46 IST" name="createObjectWithPOJO" finished-at="2026-01-20T00:39:49 IST" duration-ms="3042" status="PASS">
          <reporter-output>
          </reporter-output>
        </test-method> <!-- createObjectWithPOJO -->
      </class> <!-- com.RestAPITest.PostRequestAssignment$CreateObjectUsingPOJOTest -->
    </test> <!-- Default test -->
  </suite> <!-- Default suite -->
</testng-results>
