<?xml version="1.0" encoding="UTF-8"?>
<!-- Generated by org.testng.reporters.JUnitXMLReporter -->
<testsuite ignored="0" hostname="Mahima" failures="0" tests="4" name="Parallel Execution" time="37.091" errors="0" timestamp="2026-01-26T03:03:30 IST">
  <testcase classname="com.TestNGDemos.D02TestOSApplication" name="testFirstCry" time="8.251"/>
  <testcase classname="com.TestNGDemos.D02TestOSApplication" name="testLibas" time="33.695"/>
  <testcase classname="com.TestNGDemos.D02TestOSApplication" name="testOnyc" time="33.695"/>
  <testcase classname="com.TestNGDemos.D02TestOSApplication" name="testLittleBox" time="37.058"/>
</testsuite> <!-- Parallel Execution -->
