<?xml version="1.0" encoding="UTF-8"?>
<!-- Generated by org.testng.reporters.JUnitXMLReporter -->
<testsuite ignored="3" hostname="Mahima" failures="0" tests="1" name="Execute Single Test" time="12.005" errors="0" timestamp="2026-01-26T02:38:04 IST">
  <testcase classname="com.TestNGDemos.D05AmazonAssignment" name="clickOnMXPlayer" time="3.843"/>
  <testcase classname="com.TestNGDemos.D05AmazonAssignment" name="clickOnTodaysDeals" time="0.0">
    <ignored/>
  </testcase> <!-- clickOnTodaysDeals -->
  <testcase classname="com.TestNGDemos.D05AmazonAssignment" name="clickOnAmazonPay" time="0.0">
    <ignored/>
  </testcase> <!-- clickOnAmazonPay -->
  <testcase classname="com.TestNGDemos.D05AmazonAssignment" name="clickOnSell" time="0.0">
    <ignored/>
  </testcase> <!-- clickOnSell -->
</testsuite> <!-- Execute Single Test -->
