<?xml version="1.0" encoding="UTF-8"?>
<!-- Generated by org.testng.reporters.JUnitXMLReporter -->
<testsuite ignored="4" hostname="Mahima" failures="0" tests="8" name="End to End Regression" time="111.774" errors="0" timestamp="2026-02-04T14:12:48 IST">
  <testcase classname="tests.LoginTest" name="TC_001_validLogin" time="1.686"/>
  <testcase classname="tests.LoginTest" name="TC_002_lockedUserLogin" time="1.923"/>
  <testcase classname="tests.LoginTest" name="TC_003_emptyLogin" time="1.091"/>
  <testcase classname="tests.AddToCartTest" name="TC_004_AddSingleItem" time="4.303"/>
  <testcase classname="tests.AddToCartTest" name="TC_005_AddMultipleItems" time="18.905"/>
  <testcase classname="tests.AddToCartTest" name="TC_006_RemoveItem" time="21.419"/>
  <testcase classname="tests.CheckoutTest" name="TC_007_PlaceOrderSuccess" time="10.225"/>
  <testcase classname="tests.CheckoutTest" name="TC_008_EmptyCartNegative" time="6.377"/>
  <testcase classname="base.BaseTest" name="@BeforeSuite setupReport" time="0.0">
    <ignored/>
  </testcase> <!-- @BeforeSuite setupReport -->
  <testcase classname="base.BaseTest" name="@AfterSuite finishReport" time="0.0">
    <ignored/>
  </testcase> <!-- @AfterSuite finishReport -->
  <testcase classname="base.BaseTest" name="@AfterSuite finishReport" time="0.0">
    <ignored/>
  </testcase> <!-- @AfterSuite finishReport -->
  <testcase classname="base.BaseTest" name="@BeforeSuite setupReport" time="0.0">
    <ignored/>
  </testcase> <!-- @BeforeSuite setupReport -->
</testsuite> <!-- End to End Regression -->
